[debug] [2025-03-23T06:08:44.614Z] ----------------------------------------------------------------------
[debug] [2025-03-23T06:08:44.616Z] Command:       /usr/local/share/nvm/versions/node/v20.18.1/bin/node /home/codespace/nvm/current/bin/firebase init
[debug] [2025-03-23T06:08:44.616Z] CLI Version:   13.35.1
[debug] [2025-03-23T06:08:44.616Z] Platform:      linux
[debug] [2025-03-23T06:08:44.616Z] Node Version:  v20.18.1
[debug] [2025-03-23T06:08:44.617Z] Time:          Sun Mar 23 2025 06:08:44 GMT+0000 (Coordinated Universal Time)
[debug] [2025-03-23T06:08:44.617Z] Env Overrides: GITHUB_API_URL, GITHUB_API_URL
[debug] [2025-03-23T06:08:44.617Z] ----------------------------------------------------------------------
[debug] 
[debug] [2025-03-23T06:08:44.620Z] > command requires scopes: ["email","openid","https://www.googleapis.com/auth/cloudplatformprojects.readonly","https://www.googleapis.com/auth/firebase","https://www.googleapis.com/auth/cloud-platform"]
[debug] [2025-03-23T06:08:44.621Z] > authorizing via signed-in user (davidagbemuko.ad@gmail.com)
[info] 
     ######## #### ########  ######## ########     ###     ######  ########
     ##        ##  ##     ## ##       ##     ##  ##   ##  ##       ##
     ######    ##  ########  ######   ########  #########  ######  ######
     ##        ##  ##    ##  ##       ##     ## ##     ##       ## ##
     ##       #### ##     ## ######## ########  ##     ##  ######  ########

You're about to initialize a Firebase project in this directory:

  /workspaces/shoe-store-app

Before we get started, keep in mind:

  * You are currently outside your home directory

[info] 
=== Project Setup
[info] 
[info] First, let's associate this project directory with a Firebase project.
[info] You can create multiple project aliases by running firebase use --add, 
[info] but for now we'll just set up a default project.
[info] 
[info] i  If you want to create a project in a Google Cloud organization or folder, please use "firebase projects:create" instead, and return to this command when you've created the project. 
[debug] [2025-03-23T06:09:21.586Z] Checked if tokens are valid: true, expires at: 1742713030813
[debug] [2025-03-23T06:09:21.586Z] Checked if tokens are valid: true, expires at: 1742713030813
[debug] [2025-03-23T06:09:21.587Z] >>> [apiv2][query] POST https://cloudresourcemanager.googleapis.com/v1/projects [none]
[debug] [2025-03-23T06:09:21.588Z] >>> [apiv2][body] POST https://cloudresourcemanager.googleapis.com/v1/projects {"projectId":"shoe-store","name":"eri-shoe-store"}
[debug] [2025-03-23T06:09:22.235Z] <<< [apiv2][status] POST https://cloudresourcemanager.googleapis.com/v1/projects 409
[debug] [2025-03-23T06:09:22.235Z] <<< [apiv2][body] POST https://cloudresourcemanager.googleapis.com/v1/projects {"error":{"code":409,"message":"Requested entity already exists","status":"ALREADY_EXISTS"}}
[debug] [2025-03-23T06:09:22.273Z] FirebaseError: Request to https://cloudresourcemanager.googleapis.com/v1/projects had HTTP Error: 409, Requested entity already exists
    at responseToError (/usr/local/share/nvm/versions/node/v20.18.1/lib/node_modules/firebase-tools/lib/responseToError.js:52:12)
    at RetryOperation._fn (/usr/local/share/nvm/versions/node/v20.18.1/lib/node_modules/firebase-tools/lib/apiv2.js:312:77)
    at process.processTicksAndRejections (node:internal/process/task_queues:95:5)
[error] 
[error] Error: Failed to create project because there is already a project with ID shoe-store. Please try again with a unique project ID.
